-------------------------------------------------------------------------------
Test set: com.sayali.springboot.RecipeManagementAppApplicationTests
-------------------------------------------------------------------------------
Tests run: 1, Failures: 0, Errors: 1, Skipped: 0, Time elapsed: 0.363 s <<< FAILURE! - in com.sayali.springboot.RecipeManagementAppApplicationTests
com.sayali.springboot.RecipeManagementAppApplicationTests  Time elapsed: 0.361 s  <<< ERROR!
java.lang.IllegalStateException: Unable to find a @SpringBootConfiguration, you need to use @ContextConfiguration or @SpringBootTest(classes=...) with your test

